2022-03-13 19:05:13,262 WARN  [SoapUI] Missing folder [C:\Users\user\Desktop\Soapui Project\my-app\ext] for external libraries
2022-03-13 19:05:13,492 INFO  [DefaultSoapUICore] initialized soapui-settings from [C:\Users\user\soapui-settings.xml]
2022-03-13 19:05:14,470 WARN  [SoapUI] Plugin 'ready-uxm-plugin-os-1.0.3.jar' is not loaded because it hasn't been signed by SmartBear Software.
2022-03-13 19:05:14,951 INFO  [PluginManager] Adding plugin from [C:\Users\user\.soapuios\plugins\readyapi-postman-1.0.1.jar]
2022-03-13 19:05:16,090 ERROR [SoapUI] An error occurred [com.eviware.soapui.plugins.auto.factories.AutoImportMethodFactory], see error log for details
2022-03-13 19:05:16,094 ERROR [errorlog] java.lang.ClassNotFoundException: com.eviware.soapui.plugins.auto.factories.AutoImportMethodFactory
java.lang.ClassNotFoundException: com.eviware.soapui.plugins.auto.factories.AutoImportMethodFactory
	at org.codehaus.plexus.classworlds.strategy.SelfFirstStrategy.loadClass(SelfFirstStrategy.java:50)
	at org.codehaus.plexus.classworlds.realm.ClassRealm.unsynchronizedLoadClass(ClassRealm.java:271)
	at org.codehaus.plexus.classworlds.realm.ClassRealm.loadClass(ClassRealm.java:247)
	at org.codehaus.plexus.classworlds.realm.ClassRealm.loadClass(ClassRealm.java:239)
	at java.lang.Class.forName0(Native Method)
	at java.lang.Class.forName(Class.java:264)
	at com.eviware.soapui.plugins.LoaderBase.loadAutoFactories(LoaderBase.java:113)
	at com.eviware.soapui.plugins.LoaderBase.loadFactories(LoaderBase.java:80)
	at com.eviware.soapui.plugins.PluginLoader.loadPluginFactories(PluginLoader.java:141)
	at com.eviware.soapui.plugins.PluginLoader.loadPlugin(PluginLoader.java:104)
	at com.eviware.soapui.plugins.PluginLoader.loadPlugin(PluginLoader.java:54)
	at com.eviware.soapui.plugins.PluginManager.doInstallPlugin(PluginManager.java:141)
	at com.eviware.soapui.plugins.PluginManager.access$600(PluginManager.java:43)
	at com.eviware.soapui.plugins.PluginManager$LoadPluginsTask.computeSequentially(PluginManager.java:420)
	at com.eviware.soapui.plugins.PluginManager$LoadPluginsTask.compute(PluginManager.java:377)
	at com.eviware.soapui.plugins.PluginManager$LoadPluginsTask.compute(PluginManager.java:365)
	at java.util.concurrent.RecursiveTask.exec(RecursiveTask.java:94)
	at java.util.concurrent.ForkJoinTask.doExec(ForkJoinTask.java:289)
	at java.util.concurrent.ForkJoinPool$WorkQueue.runTask(ForkJoinPool.java:1056)
	at java.util.concurrent.ForkJoinPool.runWorker(ForkJoinPool.java:1692)
	at java.util.concurrent.ForkJoinWorkerThread.run(ForkJoinWorkerThread.java:157)
2022-03-13 19:05:16,138 ERROR [SoapUI] An error occurred [com.eviware.soapui.plugins.auto.factories.AutoDiscoveryMethodFactory], see error log for details
2022-03-13 19:05:16,139 ERROR [errorlog] java.lang.ClassNotFoundException: com.eviware.soapui.plugins.auto.factories.AutoDiscoveryMethodFactory
java.lang.ClassNotFoundException: com.eviware.soapui.plugins.auto.factories.AutoDiscoveryMethodFactory
	at org.codehaus.plexus.classworlds.strategy.SelfFirstStrategy.loadClass(SelfFirstStrategy.java:50)
	at org.codehaus.plexus.classworlds.realm.ClassRealm.unsynchronizedLoadClass(ClassRealm.java:271)
	at org.codehaus.plexus.classworlds.realm.ClassRealm.loadClass(ClassRealm.java:247)
	at org.codehaus.plexus.classworlds.realm.ClassRealm.loadClass(ClassRealm.java:239)
	at java.lang.Class.forName0(Native Method)
	at java.lang.Class.forName(Class.java:264)
	at com.eviware.soapui.plugins.LoaderBase.loadAutoFactories(LoaderBase.java:113)
	at com.eviware.soapui.plugins.LoaderBase.loadFactories(LoaderBase.java:80)
	at com.eviware.soapui.plugins.PluginLoader.loadPluginFactories(PluginLoader.java:141)
	at com.eviware.soapui.plugins.PluginLoader.loadPlugin(PluginLoader.java:104)
	at com.eviware.soapui.plugins.PluginLoader.loadPlugin(PluginLoader.java:54)
	at com.eviware.soapui.plugins.PluginManager.doInstallPlugin(PluginManager.java:141)
	at com.eviware.soapui.plugins.PluginManager.access$600(PluginManager.java:43)
	at com.eviware.soapui.plugins.PluginManager$LoadPluginsTask.computeSequentially(PluginManager.java:420)
	at com.eviware.soapui.plugins.PluginManager$LoadPluginsTask.compute(PluginManager.java:377)
	at com.eviware.soapui.plugins.PluginManager$LoadPluginsTask.compute(PluginManager.java:365)
	at java.util.concurrent.RecursiveTask.exec(RecursiveTask.java:94)
	at java.util.concurrent.ForkJoinTask.doExec(ForkJoinTask.java:289)
	at java.util.concurrent.ForkJoinPool$WorkQueue.runTask(ForkJoinPool.java:1056)
	at java.util.concurrent.ForkJoinPool.runWorker(ForkJoinPool.java:1692)
	at java.util.concurrent.ForkJoinWorkerThread.run(ForkJoinWorkerThread.java:157)
2022-03-13 19:05:16,205 INFO  [PluginManager] Adding plugin from [C:\Users\user\.soapuios\plugins\ready-mqtt-plugin-dist.jar]
2022-03-13 19:05:16,842 ERROR [SoapUI] An error occurred [com.eviware.soapui.plugins.auto.factories.AutoImportMethodFactory], see error log for details
2022-03-13 19:05:16,843 ERROR [errorlog] java.lang.ClassNotFoundException: com.eviware.soapui.plugins.auto.factories.AutoImportMethodFactory
java.lang.ClassNotFoundException: com.eviware.soapui.plugins.auto.factories.AutoImportMethodFactory
	at org.codehaus.plexus.classworlds.strategy.SelfFirstStrategy.loadClass(SelfFirstStrategy.java:50)
	at org.codehaus.plexus.classworlds.realm.ClassRealm.unsynchronizedLoadClass(ClassRealm.java:271)
	at org.codehaus.plexus.classworlds.realm.ClassRealm.loadClass(ClassRealm.java:247)
	at org.codehaus.plexus.classworlds.realm.ClassRealm.loadClass(ClassRealm.java:239)
	at java.lang.Class.forName0(Native Method)
	at java.lang.Class.forName(Class.java:264)
	at com.eviware.soapui.plugins.LoaderBase.loadAutoFactories(LoaderBase.java:113)
	at com.eviware.soapui.plugins.LoaderBase.loadFactories(LoaderBase.java:80)
	at com.eviware.soapui.plugins.PluginLoader.loadPluginFactories(PluginLoader.java:141)
	at com.eviware.soapui.plugins.PluginLoader.loadPlugin(PluginLoader.java:104)
	at com.eviware.soapui.plugins.PluginLoader.loadPlugin(PluginLoader.java:54)
	at com.eviware.soapui.plugins.PluginManager.doInstallPlugin(PluginManager.java:141)
	at com.eviware.soapui.plugins.PluginManager.access$600(PluginManager.java:43)
	at com.eviware.soapui.plugins.PluginManager$LoadPluginsTask.computeSequentially(PluginManager.java:420)
	at com.eviware.soapui.plugins.PluginManager$LoadPluginsTask.compute(PluginManager.java:377)
	at com.eviware.soapui.plugins.PluginManager$LoadPluginsTask.compute(PluginManager.java:365)
	at java.util.concurrent.RecursiveTask.exec(RecursiveTask.java:94)
	at java.util.concurrent.ForkJoinTask.doExec(ForkJoinTask.java:289)
	at java.util.concurrent.ForkJoinPool$WorkQueue.runTask(ForkJoinPool.java:1056)
	at java.util.concurrent.ForkJoinPool.runWorker(ForkJoinPool.java:1692)
	at java.util.concurrent.ForkJoinWorkerThread.run(ForkJoinWorkerThread.java:157)
2022-03-13 19:05:16,887 ERROR [SoapUI] An error occurred [com.eviware.soapui.plugins.auto.factories.AutoDiscoveryMethodFactory], see error log for details
2022-03-13 19:05:16,890 ERROR [errorlog] java.lang.ClassNotFoundException: com.eviware.soapui.plugins.auto.factories.AutoDiscoveryMethodFactory
java.lang.ClassNotFoundException: com.eviware.soapui.plugins.auto.factories.AutoDiscoveryMethodFactory
	at org.codehaus.plexus.classworlds.strategy.SelfFirstStrategy.loadClass(SelfFirstStrategy.java:50)
	at org.codehaus.plexus.classworlds.realm.ClassRealm.unsynchronizedLoadClass(ClassRealm.java:271)
	at org.codehaus.plexus.classworlds.realm.ClassRealm.loadClass(ClassRealm.java:247)
	at org.codehaus.plexus.classworlds.realm.ClassRealm.loadClass(ClassRealm.java:239)
	at java.lang.Class.forName0(Native Method)
	at java.lang.Class.forName(Class.java:264)
	at com.eviware.soapui.plugins.LoaderBase.loadAutoFactories(LoaderBase.java:113)
	at com.eviware.soapui.plugins.LoaderBase.loadFactories(LoaderBase.java:80)
	at com.eviware.soapui.plugins.PluginLoader.loadPluginFactories(PluginLoader.java:141)
	at com.eviware.soapui.plugins.PluginLoader.loadPlugin(PluginLoader.java:104)
	at com.eviware.soapui.plugins.PluginLoader.loadPlugin(PluginLoader.java:54)
	at com.eviware.soapui.plugins.PluginManager.doInstallPlugin(PluginManager.java:141)
	at com.eviware.soapui.plugins.PluginManager.access$600(PluginManager.java:43)
	at com.eviware.soapui.plugins.PluginManager$LoadPluginsTask.computeSequentially(PluginManager.java:420)
	at com.eviware.soapui.plugins.PluginManager$LoadPluginsTask.compute(PluginManager.java:377)
	at com.eviware.soapui.plugins.PluginManager$LoadPluginsTask.compute(PluginManager.java:365)
	at java.util.concurrent.RecursiveTask.exec(RecursiveTask.java:94)
	at java.util.concurrent.ForkJoinTask.doExec(ForkJoinTask.java:289)
	at java.util.concurrent.ForkJoinPool$WorkQueue.runTask(ForkJoinPool.java:1056)
	at java.util.concurrent.ForkJoinPool.runWorker(ForkJoinPool.java:1692)
	at java.util.concurrent.ForkJoinWorkerThread.run(ForkJoinWorkerThread.java:157)
2022-03-13 19:05:16,938 INFO  [PluginManager] 2 plugins loaded in 1989 ms
2022-03-13 19:05:16,939 INFO  [DefaultSoapUICore] All plugins loaded
2022-03-13 19:05:18,450 INFO  [WsdlProject] Loaded project from [file:/C:/Users/user/Desktop/Soapui%20Project/my-app/Google%20maps%20REST%20XML.xml]
2022-03-13 19:05:18,464 INFO  [SoapUITestCaseRunner] Running SoapUI tests in project [Google Maps XML]
2022-03-13 19:05:18,466 INFO  [SoapUITestCaseRunner] Running Project [Google Maps XML], runType = SEQUENTIAL
2022-03-13 19:05:18,485 INFO  [SoapUITestCaseRunner] Running SoapUI testcase [Traditional and storing]
2022-03-13 19:05:18,509 INFO  [SoapUITestCaseRunner] running step [Add]
2022-03-13 19:05:18,816 INFO  [SoapUITestCaseRunner] Assertion [Valid HTTP Status Codes] has status VALID
2022-03-13 19:05:18,817 INFO  [SoapUITestCaseRunner] running step [place_id Transfer]
2022-03-13 19:05:19,224 INFO  [SoapUITestCaseRunner] running step [Property Storage]
2022-03-13 19:05:19,244 INFO  [SoapUITestCaseRunner] running step [Delete]
2022-03-13 19:05:19,348 INFO  [SoapUITestCaseRunner] Assertion [Valid HTTP Status Codes] has status VALID
2022-03-13 19:05:19,351 INFO  [SoapUITestCaseRunner] Finished running SoapUI testcase [Traditional and storing], time taken: 702ms, status: FINISHED
2022-03-13 19:05:19,357 INFO  [SoapUITestCaseRunner] Running SoapUI testcase [Property Expansion]
2022-03-13 19:05:19,358 INFO  [SoapUITestCaseRunner] running step [Add]
2022-03-13 19:05:19,428 INFO  [SoapUITestCaseRunner] Assertion [Valid HTTP Status Codes] has status VALID
2022-03-13 19:05:19,429 INFO  [SoapUITestCaseRunner] running step [place_id Transfer]
2022-03-13 19:05:19,436 INFO  [SoapUITestCaseRunner] running step [Property Storage]
2022-03-13 19:05:19,438 INFO  [SoapUITestCaseRunner] running step [Delete]
2022-03-13 19:05:19,560 INFO  [SoapUITestCaseRunner] Assertion [Valid HTTP Status Codes] has status VALID
2022-03-13 19:05:19,562 INFO  [SoapUITestCaseRunner] Finished running SoapUI testcase [Property Expansion], time taken: 173ms, status: FINISHED
2022-03-13 19:05:19,572 INFO  [SoapUITestCaseRunner] Running SoapUI testcase [Script Based]
2022-03-13 19:05:19,574 INFO  [SoapUITestCaseRunner] running step [Add]
2022-03-13 19:05:20,135 INFO  [SoapUITestCaseRunner] Assertion [Valid HTTP Status Codes] has status VALID
2022-03-13 19:05:20,135 INFO  [SoapUITestCaseRunner] Assertion [Script Assertion] has status VALID
2022-03-13 19:05:20,137 INFO  [SoapUITestCaseRunner] running step [Delete]
2022-03-13 19:05:20,243 INFO  [SoapUITestCaseRunner] Assertion [Valid HTTP Status Codes] has status VALID
2022-03-13 19:05:20,244 INFO  [SoapUITestCaseRunner] Finished running SoapUI testcase [Script Based], time taken: 175ms, status: FINISHED
2022-03-13 19:05:20,245 INFO  [SoapUITestCaseRunner] Project [Google Maps XML] finished with status [FINISHED] in 1771ms
2022-03-13 19:05:43,732 WARN  [Tools] Could not delete temporary directory C:\Users\user\AppData\Local\Temp\4cdc2d60-5be8-44ff-99e1-6e32b90434aa
